2026-04-15 20:47:46, MOVE, v:1, k:ed@vetbuild, mode:DOWN
2026-04-15 20:47:48, MOVE, v:1, k:ed@vetbuild, mode:PICK
2026-04-15 20:47:46, MOVE, v:1, k:ed@vetbuild, mode:EDIT
2026-04-15 20:47:46, MOVE, v:1, k:ed@vetbuild, mode:EDIT
2026-04-15 20:47:46, MOVE, v:1, k:ed@vetbuild, mode:EDIT
2026-04-15 20:47:46, MOVE, v:1, k:ed@vetbuild, mode:EDIT
2026-04-15 21:12:53, EXEC, v:1, k:ed@vetbuild, mode:FULL, size:130, fail:COMP
2026-04-15 21:40:33, EXEC, v:1, k:ed@vetbuild, mode:FULL, size:142, fail:COMP
2026-04-15 21:40:26, MOVE, v:1, k:ed@vetbuild, mode:EDIT
2026-04-15 21:43:57, MOVE, v:1, k:ed@vetbuild, mode:PICK
2026-04-15 21:44:24, EXEC, v:1, k:ed@vetbuild, mode:FULL, fail:COMP
2026-04-15 21:44:55, EXEC, v:1, k:ed@vetbuild, mode:FULL, rate:0, size:144
2026-04-15 21:45:14, EXEC, v:1, k:ed@vetbuild, mode:FULL, rate:0, size:144
2026-04-15 21:45:44, EXEC, v:1, k:ed@vetbuild, mode:FULL, rate:0, size:144
2026-04-15 21:47:12, EXEC, v:1, k:ed@vetbuild, mode:FULL, rate:0, size:144
2026-04-15 21:47:43, EXEC, v:1, k:ed@vetbuild, mode:FULL, rate:18, size:144
2026-04-15 21:47:41, MOVE, v:1, k:ed@vetbuild, mode:EDIT
2026-04-15 21:58:52, MOVE, v:1, k:ed@vetbuild, mode:EDIT
2026-04-15 21:58:58, EXEC, v:1, k:ed@vetbuild, mode:FULL, rate:18, size:162
2026-04-15 22:02:20, EXEC, v:1, k:ed@vetbuild, mode:FULL, rate:18, size:162
2026-04-15 22:02:04, MOVE, v:1, k:ed@vetbuild, mode:EDIT
2026-04-15 22:06:41, EXEC, v:1, k:ed@vetbuild, mode:FULL, size:162, fail:COMP
2026-04-15 22:08:46, MOVE, v:1, k:ed@vetbuild, mode:EDIT
2026-04-15 22:12:32, EXEC, v:1, k:ed@vetbuild, mode:FULL, size:180, fail:COMP
2026-04-15 22:12:43, EXEC, v:1, k:ed@vetbuild, mode:FULL, rate:27, size:181
2026-04-15 22:12:40, MOVE, v:1, k:ed@vetbuild, mode:EDIT
2026-04-15 22:15:06, EXEC, v:1, k:ed@vetbuild, mode:FULL, rate:36, size:185
2026-04-15 22:15:47, EXEC, v:1, k:ed@vetbuild, mode:FULL, rate:36, size:189
2026-04-15 22:15:38, MOVE, v:1, k:ed@vetbuild, mode:EDIT
2026-04-15 22:19:28, EXEC, v:1, k:ed@vetbuild, mode:FULL, rate:45, size:187
2026-04-15 22:20:57, EXEC, v:1, k:ed@vetbuild, mode:FULL, rate:45, size:192
2026-04-15 22:23:15, EXEC, v:1, k:ed@vetbuild, mode:FULL, rate:72, size:225
2026-04-15 22:23:14, MOVE, v:1, k:ed@vetbuild, mode:EDIT
2026-04-15 22:24:37, EXEC, v:1, k:ed@vetbuild, mode:FULL, rate:90, size:258
2026-04-15 22:25:09, EXEC, v:1, k:ed@vetbuild, mode:FULL, rate:90, size:261
2026-04-15 22:25:14, EXEC, v:1, k:ed@vetbuild, mode:FULL, rate:90
2026-04-15 22:25:23, EXEC, v:1, k:ed@vetbuild, mode:FULL, rate:90, size:265
2026-04-15 22:28:50, EXEC, v:1, k:ed@vetbuild, mode:FULL, rate:100, size:262
2026-04-15 22:28:53, MOVE, v:1, k:ed@vetbuild, mode:BACK
2026-04-15 22:28:45, MOVE, v:1, k:ed@vetbuild, mode:EDIT
