2026-04-28 08:14:56, MOVE, v:1, k:ed@bettersearch, mode:PICK
2026-04-28 08:18:21, EXEC, v:1, k:ed@bettersearch, mode:FULL, rate:18
2026-04-28 08:18:40, EXEC, v:1, k:src@go, mode:FREE, size:44
2026-04-28 08:18:26, MOVE, v:1, k:ed@bettersearch, mode:EDIT
2026-04-28 08:21:18, EXEC, v:1, k:ed@bettersearch, mode:FULL, rate:100, size:44
2026-04-28 08:21:30, EXEC, v:1, k:ed@bettersearch, mode:FULL, size:33, fail:COMP
2026-04-28 08:22:36, EXEC, v:1, k:ed@bettersearch, mode:FULL, fail:COMP
2026-04-28 08:22:42, EXEC, v:1, k:ed@bettersearch, mode:FULL, size:36, fail:COMP
2026-04-28 08:24:20, EXEC, v:1, k:ed@bettersearch, mode:FULL, fail:COMP
2026-04-28 08:22:40, MOVE, v:1, k:ed@bettersearch, mode:EDIT
2026-04-28 08:26:01, EXEC, v:1, k:ed@bettersearch, mode:FULL, fail:COMP
2026-04-28 08:26:37, EXEC, v:1, k:ed@bettersearch, mode:FULL, size:44, fail:COMP
2026-04-28 08:26:35, MOVE, v:1, k:ed@bettersearch, mode:EDIT
2026-04-28 08:30:05, EXEC, v:1, k:ed@bettersearch, mode:FULL, size:45, fail:COMP
2026-04-28 08:30:18, EXEC, v:1, k:ed@bettersearch, mode:FULL, rate:100, size:45
2026-04-28 08:30:46, MOVE, v:1, k:ed@bettersearch, mode:BACK
2026-04-28 08:30:56, MOVE, v:1, k:ed@bettersearch, mode:PICK
2026-04-28 08:30:59, MOVE, v:1, k:ed@bettersearch, mode:BACK
2026-04-28 08:31:46, SELF, v:1, k:ed@bettersearch, self:1, rate:100, study:35, concept:1, debug:1, refactor:1
2026-04-28 08:31:51, MOVE, v:1, k:ed@setbuild, mode:DOWN
2026-04-28 08:31:52, MOVE, v:1, k:ed@setbuild, mode:PICK
2026-04-28 08:35:27, MOVE, v:1, k:ed@setbuild, mode:BACK
2026-04-28 08:35:34, MOVE, v:1, k:ed@setbuild, mode:PICK
2026-04-28 08:37:38, MOVE, v:1, k:ed@setbuild, mode:BACK
2026-04-28 08:37:39, MOVE, v:1, k:ed@setbuild, mode:DOWN
2026-04-28 08:37:40, MOVE, v:1, k:ed@setbuild, mode:DOWN
2026-04-28 08:37:41, MOVE, v:1, k:ed@setbuild, mode:DOWN
2026-04-28 08:38:02, MOVE, v:1, k:ed@setbuild, mode:DOWN
2026-04-28 08:38:02, MOVE, v:1, k:ed@setbuild, mode:PICK
2026-04-28 08:38:06, MOVE, v:1, k:ed@setbuild, mode:BACK
2026-04-28 08:38:11, MOVE, v:1, k:ed@setbuild, mode:PICK
2026-04-28 09:14:36, MOVE, v:1, k:ed@setbuild, mode:BACK
2026-04-28 19:16:44, MOVE, v:1, k:ed@setbuild, mode:PICK
2026-04-28 19:20:36, EXEC, v:1, k:ed@setbuild, mode:FULL, size:100, fail:COMP
2026-04-28 19:22:34, EXEC, v:1, k:ed@setbuild, mode:FULL, rate:0, size:100
2026-04-28 19:23:14, EXEC, v:1, k:ed@setbuild, mode:FULL, rate:0, size:100
2026-04-28 19:23:11, MOVE, v:1, k:ed@setbuild, mode:EDIT
2026-04-28 19:27:28, EXEC, v:1, k:ed@setbuild, mode:FULL, size:102, fail:COMP
2026-04-28 19:27:53, EXEC, v:1, k:ed@setbuild, mode:FULL, rate:0, size:101
2026-04-28 19:27:48, MOVE, v:1, k:ed@setbuild, mode:EDIT
2026-04-28 19:32:59, EXEC, v:1, k:ed@setbuild, mode:FULL, rate:0, size:102
2026-04-28 19:32:56, MOVE, v:1, k:ed@setbuild, mode:EDIT
2026-04-28 19:37:44, EXEC, v:1, k:ed@setbuild, mode:FULL, rate:33, size:131
2026-04-28 19:37:54, EXEC, v:1, k:ed@setbuild, mode:FULL, rate:33
2026-04-28 19:38:40, EXEC, v:1, k:ed@setbuild, mode:FULL, rate:33
2026-04-28 19:39:07, EXEC, v:1, k:ed@setbuild, mode:FULL, size:136, fail:COMP
2026-04-28 19:39:19, EXEC, v:1, k:ed@setbuild, mode:FULL, fail:COMP
2026-04-28 19:39:27, EXEC, v:1, k:ed@setbuild, mode:FULL, rate:33, size:136
2026-04-28 19:39:24, MOVE, v:1, k:ed@setbuild, mode:EDIT
2026-04-28 19:43:22, EXEC, v:1, k:ed@setbuild, mode:FULL, rate:66, size:141
2026-04-28 19:44:29, EXEC, v:1, k:ed@setbuild, mode:FULL, rate:66
2026-04-28 19:45:31, EXEC, v:1, k:ed@setbuild, mode:FULL, rate:66, size:158
2026-04-28 19:46:34, EXEC, v:1, k:ed@setbuild, mode:FULL, rate:66, size:163
2026-04-28 19:46:31, MOVE, v:1, k:ed@setbuild, mode:EDIT
2026-04-28 19:46:55, EXEC, v:1, k:ed@setbuild, mode:FULL, rate:100, size:163
2026-04-28 19:47:10, MOVE, v:1, k:ed@setbuild, mode:BACK
2026-04-28 19:47:46, SELF, v:1, k:ed@setbuild, self:1, rate:100, study:90, concept:1, problem:1, refactor:1
2026-04-28 19:47:49, MOVE, v:1, k:ed@multiset, mode:DOWN
2026-04-28 19:47:50, MOVE, v:1, k:ed@multiset, mode:PICK
2026-04-28 19:48:12, MOVE, v:1, k:ed@multiset, mode:BACK
