2026-03-15 11:15:33, MOVE, v:1, k:ed@fuga, mode:PICK
2026-03-15 11:15:42, EXEC, v:1, k:ed@fuga, mode:FULL, rate:60
2026-03-15 11:27:29, EXEC, v:1, k:ed@fuga, mode:FULL, rate:100, size:28
2026-03-15 11:29:44, MOVE, v:1, k:ed@fuga, mode:BACK
2026-03-15 11:31:09, SELF, v:1, k:ed@fuga, self:1, rate:100, study:30, concept:1, problem:1, refactor:1
2026-03-15 11:31:17, MOVE, v:1, k:ed@fuga, mode:PICK
2026-03-15 11:31:19, EXEC, v:1, k:ed@fuga, mode:FULL, rate:100
2026-03-15 11:31:25, MOVE, v:1, k:ed@fuga, mode:BACK
2026-03-15 11:31:33, SELF, v:1, k:ed@fuga, self:1, rate:100, study:30
2026-03-15 11:31:49, SELF, v:1, k:ed@fuga, self:1, rate:100, study:30, concept:1, problem:1, refactor:1
2026-03-15 11:44:08, MOVE, v:1, k:ed@mumia, mode:DOWN
2026-03-15 11:44:09, MOVE, v:1, k:ed@mumia, mode:DOWN
2026-03-15 11:44:11, MOVE, v:1, k:ed@mumia, mode:DOWN
2026-03-15 11:44:15, MOVE, v:1, k:ed@mumia, mode:DOWN
2026-03-15 11:44:19, MOVE, v:1, k:ed@mumia, mode:DOWN
2026-03-15 11:44:25, MOVE, v:1, k:ed@mumia, mode:DOWN
2026-03-15 11:44:25, MOVE, v:1, k:ed@mumia, mode:DOWN
2026-03-15 11:44:26, MOVE, v:1, k:ed@mumia, mode:DOWN
2026-03-15 11:44:26, MOVE, v:1, k:ed@mumia, mode:DOWN
2026-03-15 11:44:26, MOVE, v:1, k:ed@mumia, mode:DOWN
2026-03-15 11:44:26, MOVE, v:1, k:ed@mumia, mode:DOWN
2026-03-15 11:44:26, MOVE, v:1, k:ed@mumia, mode:DOWN
2026-03-15 11:44:27, MOVE, v:1, k:ed@mumia, mode:DOWN
2026-03-15 11:44:30, MOVE, v:1, k:ed@mumia, mode:DOWN
2026-03-15 11:44:32, MOVE, v:1, k:ed@pedra, mode:DOWN
2026-03-15 11:44:32, MOVE, v:1, k:ed@pedra, mode:PICK
2026-03-15 11:44:36, MOVE, v:1, k:ed@pedra, mode:BACK
2026-03-15 11:44:39, MOVE, v:1, k:ed@mumia, mode:DOWN
2026-03-15 11:44:39, MOVE, v:1, k:ed@mumia, mode:DOWN
2026-03-15 11:53:45, MOVE, v:1, k:ed@pedra, mode:PICK
2026-03-15 12:14:06, EXEC, v:1, k:ed@pedra, mode:FREE, size:5
2026-03-15 12:14:16, EXEC, v:1, k:ed@pedra, mode:FREE, size:19
2026-03-15 12:21:52, EXEC, v:1, k:ed@pedra, mode:FREE, size:21
2026-03-15 12:38:44, EXEC, v:1, k:ed@pedra, mode:FULL, size:26, fail:COMP
2026-03-15 12:39:09, EXEC, v:1, k:ed@pedra, mode:FULL, size:26, fail:COMP
2026-03-15 12:40:16, EXEC, v:1, k:ed@pedra, mode:FULL, size:24, fail:COMP
2026-03-15 12:47:15, EXEC, v:1, k:ed@pedra, mode:FULL, size:23, fail:COMP
2026-03-15 12:48:40, EXEC, v:1, k:ed@pedra, mode:FULL, size:28, fail:COMP
2026-03-15 12:49:58, EXEC, v:1, k:ed@pedra, mode:FULL, rate:0, size:28
2026-03-15 12:50:48, EXEC, v:1, k:ed@pedra, mode:FULL, rate:41, size:34
2026-03-15 12:51:15, MOVE, v:1, k:ed@pedra, mode:BACK
2026-03-15 18:01:08, MOVE, v:1, k:ed@pedra, mode:PICK
2026-03-15 18:01:13, EXEC, v:1, k:ed@pedra, mode:FULL, rate:41
2026-03-15 18:02:30, EXEC, v:1, k:ed@pedra, mode:FULL, rate:58, size:34
2026-03-15 18:05:02, EXEC, v:1, k:ed@pedra, mode:FULL, rate:41, size:34
2026-03-15 18:13:12, EXEC, v:1, k:ed@pedra, mode:FULL, rate:100, size:34
2026-03-15 18:16:40, EXEC, v:1, k:ed@pedra, mode:FREE
2026-03-15 18:17:13, MOVE, v:1, k:ed@pedra, mode:BACK
2026-03-15 18:17:53, SELF, v:1, k:ed@pedra, self:1, rate:100, study:50, concept:1, problem:1, refactor:1
